生成启动时间为 2014/9/28 星期日 16:32:18。
     1>项目“e:\Decument\Documents\Visual Studio 2010\Projects\myfirst\myfirst\myfirst.vcxproj”在节点 2 上(build 个目标)。
     1>PrepareForBuild:
         正在创建目录“e:\Decument\Documents\Visual Studio 2010\Projects\myfirst\Debug\”。
       InitializeBuildStatus:
         正在创建“Debug\myfirst.unsuccessfulbuild”，因为已指定“AlwaysCreate”。
       ClCompile:
         D:\Program Files (x86)\Microsoft Visual Studio 10.0\VC\bin\CL.exe /c /ZI /nologo /W3 /WX- /Od /Oy- /D _MBCS /Gm /EHsc /RTC1 /MDd /GS /fp:precise /Zc:wchar_t /Zc:forScope /Fo"Debug\\" /Fd"Debug\vc100.pdb" /Gd /TP /analyze- /errorReport:prompt myfirst.cpp
         myfirst.cpp
     1>e:\decument\documents\visual studio 2010\projects\myfirst\myfirst\myfirst.cpp(13): warning C4800: “int”: 将值强制为布尔值“true”或“false”(性能警告)
       Link:
         D:\Program Files (x86)\Microsoft Visual Studio 10.0\VC\bin\link.exe /ERRORREPORT:PROMPT /OUT:"e:\Decument\Documents\Visual Studio 2010\Projects\myfirst\Debug\myfirst.exe" /NOLOGO kernel32.lib user32.lib gdi32.lib winspool.lib comdlg32.lib advapi32.lib shell32.lib ole32.lib oleaut32.lib uuid.lib odbc32.lib odbccp32.lib /MANIFEST /ManifestFile:"Debug\myfirst.exe.intermediate.manifest" /MANIFESTUAC:"level='asInvoker' uiAccess='false'" /DEBUG /PDB:"e:\Decument\Documents\Visual Studio 2010\Projects\myfirst\Debug\myfirst.pdb" /TLBID:1 /DYNAMICBASE /NXCOMPAT /IMPLIB:"e:\Decument\Documents\Visual Studio 2010\Projects\myfirst\Debug\myfirst.lib" /MACHINE:X86 Debug\myfirst.obj
         myfirst.vcxproj -> e:\Decument\Documents\Visual Studio 2010\Projects\myfirst\Debug\myfirst.exe
       Manifest:
         C:\Program Files (x86)\Microsoft SDKs\Windows\v7.0A\bin\mt.exe /nologo /verbose /outputresource:"e:\Decument\Documents\Visual Studio 2010\Projects\myfirst\Debug\myfirst.exe;#1" /manifest Debug\myfirst.exe.intermediate.manifest
       FinalizeBuildStatus:
         正在删除文件“Debug\myfirst.unsuccessfulbuild”。
         正在对“Debug\myfirst.lastbuildstate”执行 Touch 任务。
     1>已完成生成项目“e:\Decument\Documents\Visual Studio 2010\Projects\myfirst\myfirst\myfirst.vcxproj”(build 个目标)的操作。

生成成功。

已用时间 00:00:06.21
